app/build/intermediates/manifest_merge_blame_file/debug/manifest-merger-blame-debug-report.txt
1<?xml version="1.0" encoding="utf-8"?>
2<manifest xmlns:android="http://schemas.android.com/apk/res/android"
3    package="com.example.uas_10120028"
4    android:versionCode="1"
5    android:versionName="1.0" >
6
7    <uses-sdk
8        android:minSdkVersion="24"
8-->src\main\AndroidManifest.xml
9        android:targetSdkVersion="33" />
9-->src\main\AndroidManifest.xml
10
11    <uses-permission android:name="android.permission.INTERNET" />
11-->[com.google.firebase:firebase-auth:22.1.1] AndroidManifest.xml:25:5-67
11-->[com.google.firebase:firebase-auth:22.1.1] AndroidManifest.xml:25:22-64
12    <uses-permission android:name="android.permission.ACCESS_NETWORK_STATE" />
12-->[com.google.firebase:firebase-auth:22.1.1] AndroidManifest.xml:26:5-79
12-->[com.google.firebase:firebase-auth:22.1.1] AndroidManifest.xml:26:22-76
13    <uses-permission android:name="android.permission.WAKE_LOCK" />
13-->[com.google.android.gms:play-services-measurement-api:21.3.0] AndroidManifest.xml:24:5-68
13-->[com.google.android.gms:play-services-measurement-api:21.3.0] AndroidManifest.xml:24:22-65
14    <uses-permission android:name="com.google.android.gms.permission.AD_ID" />
14-->[com.google.android.gms:play-services-measurement-api:21.3.0] AndroidManifest.xml:25:5-79
14-->[com.google.android.gms:play-services-measurement-api:21.3.0] AndroidManifest.xml:25:22-76
15    <uses-permission android:name="com.google.android.finsky.permission.BIND_GET_INSTALL_REFERRER_SERVICE" />
15-->[com.google.android.gms:play-services-measurement:21.3.0] AndroidManifest.xml:26:5-110
15-->[com.google.android.gms:play-services-measurement:21.3.0] AndroidManifest.xml:26:22-107
16
17    <permission
17-->[androidx.core:core:1.9.0] AndroidManifest.xml:22:5-24:47
18        android:name="com.example.uas_10120028.DYNAMIC_RECEIVER_NOT_EXPORTED_PERMISSION"
18-->[androidx.core:core:1.9.0] AndroidManifest.xml:23:9-81
19        android:protectionLevel="signature" />
19-->[androidx.core:core:1.9.0] AndroidManifest.xml:24:9-44
20
21    <uses-permission android:name="com.example.uas_10120028.DYNAMIC_RECEIVER_NOT_EXPORTED_PERMISSION" />
21-->[androidx.core:core:1.9.0] AndroidManifest.xml:26:5-97
21-->[androidx.core:core:1.9.0] AndroidManifest.xml:26:22-94
22
23    <application
23-->src\main\AndroidManifest.xml:5:5-33:19
24        android:allowBackup="true"
24-->src\main\AndroidManifest.xml:6:9-35
25        android:appComponentFactory="androidx.core.app.CoreComponentFactory"
25-->[androidx.core:core:1.9.0] AndroidManifest.xml:28:18-86
26        android:dataExtractionRules="@xml/data_extraction_rules"
26-->src\main\AndroidManifest.xml:7:9-65
27        android:debuggable="true"
28        android:extractNativeLibs="false"
29        android:fullBackupContent="@xml/backup_rules"
29-->src\main\AndroidManifest.xml:8:9-54
30        android:icon="@mipmap/ic_launcher"
30-->src\main\AndroidManifest.xml:9:9-43
31        android:label="@string/app_name"
31-->src\main\AndroidManifest.xml:10:9-41
32        android:roundIcon="@mipmap/ic_launcher_round"
32-->src\main\AndroidManifest.xml:11:9-54
33        android:supportsRtl="true"
33-->src\main\AndroidManifest.xml:12:9-35
34        android:theme="@style/Theme.UAS_10120028" >
34-->src\main\AndroidManifest.xml:13:9-50
35        <activity
35-->src\main\AndroidManifest.xml:15:9-17:40
36            android:name="com.example.uas_10120028.MainActivity"
36-->src\main\AndroidManifest.xml:16:13-41
37            android:exported="false" />
37-->src\main\AndroidManifest.xml:17:13-37
38        <activity
38-->src\main\AndroidManifest.xml:18:9-20:40
39            android:name="com.example.uas_10120028.InputActivity"
39-->src\main\AndroidManifest.xml:19:13-42
40            android:exported="false" />
40-->src\main\AndroidManifest.xml:20:13-37
41        <activity
41-->src\main\AndroidManifest.xml:21:9-29:20
42            android:name="com.example.uas_10120028.SplashScreenActivity"
42-->src\main\AndroidManifest.xml:22:13-49
43            android:exported="true" >
43-->src\main\AndroidManifest.xml:23:13-36
44            <intent-filter>
44-->src\main\AndroidManifest.xml:24:13-28:29
45                <action android:name="android.intent.action.MAIN" />
45-->src\main\AndroidManifest.xml:25:17-69
45-->src\main\AndroidManifest.xml:25:25-66
46
47                <category android:name="android.intent.category.LAUNCHER" />
47-->src\main\AndroidManifest.xml:27:17-77
47-->src\main\AndroidManifest.xml:27:27-74
48            </intent-filter>
49        </activity>
50        <activity
50-->src\main\AndroidManifest.xml:30:9-32:39
51            android:name="com.example.uas_10120028.LoginActivity"
51-->src\main\AndroidManifest.xml:31:13-42
52            android:exported="true" />
52-->src\main\AndroidManifest.xml:32:13-36
53
54        <service
54-->[com.google.firebase:firebase-database-ktx:20.2.2] AndroidManifest.xml:11:9-17:19
55            android:name="com.google.firebase.components.ComponentDiscoveryService"
55-->[com.google.firebase:firebase-database-ktx:20.2.2] AndroidManifest.xml:12:13-84
56            android:directBootAware="true"
56-->[com.google.firebase:firebase-common:20.3.3] AndroidManifest.xml:34:13-43
57            android:exported="false" >
57-->[com.google.firebase:firebase-database-ktx:20.2.2] AndroidManifest.xml:13:13-37
58            <meta-data
58-->[com.google.firebase:firebase-database-ktx:20.2.2] AndroidManifest.xml:14:13-16:85
59                android:name="com.google.firebase.components:com.google.firebase.database.ktx.FirebaseDatabaseKtxRegistrar"
59-->[com.google.firebase:firebase-database-ktx:20.2.2] AndroidManifest.xml:15:17-124
60                android:value="com.google.firebase.components.ComponentRegistrar" />
60-->[com.google.firebase:firebase-database-ktx:20.2.2] AndroidManifest.xml:16:17-82
61            <meta-data
61-->[com.google.firebase:firebase-auth:22.1.1] AndroidManifest.xml:69:13-71:85
62                android:name="com.google.firebase.components:com.google.firebase.auth.FirebaseAuthRegistrar"
62-->[com.google.firebase:firebase-auth:22.1.1] AndroidManifest.xml:70:17-109
63                android:value="com.google.firebase.components.ComponentRegistrar" />
63-->[com.google.firebase:firebase-auth:22.1.1] AndroidManifest.xml:71:17-82
64            <meta-data
64-->[com.google.firebase:firebase-database:20.2.2] AndroidManifest.xml:31:13-33:85
65                android:name="com.google.firebase.components:com.google.firebase.database.DatabaseRegistrar"
65-->[com.google.firebase:firebase-database:20.2.2] AndroidManifest.xml:32:17-109
66                android:value="com.google.firebase.components.ComponentRegistrar" />
66-->[com.google.firebase:firebase-database:20.2.2] AndroidManifest.xml:33:17-82
67            <meta-data
67-->[com.google.firebase:firebase-common-ktx:20.3.3] AndroidManifest.xml:14:13-16:85
68                android:name="com.google.firebase.components:com.google.firebase.ktx.FirebaseCommonKtxRegistrar"
68-->[com.google.firebase:firebase-common-ktx:20.3.3] AndroidManifest.xml:15:17-113
69                android:value="com.google.firebase.components.ComponentRegistrar" />
69-->[com.google.firebase:firebase-common-ktx:20.3.3] AndroidManifest.xml:16:17-82
70            <meta-data
70-->[com.google.android.gms:play-services-measurement-api:21.3.0] AndroidManifest.xml:31:13-33:85
71                android:name="com.google.firebase.components:com.google.firebase.analytics.connector.internal.AnalyticsConnectorRegistrar"
71-->[com.google.android.gms:play-services-measurement-api:21.3.0] AndroidManifest.xml:32:17-139
72                android:value="com.google.firebase.components.ComponentRegistrar" />
72-->[com.google.android.gms:play-services-measurement-api:21.3.0] AndroidManifest.xml:33:17-82
73            <meta-data
73-->[com.google.firebase:firebase-installations:17.1.4] AndroidManifest.xml:15:13-17:85
74                android:name="com.google.firebase.components:com.google.firebase.installations.FirebaseInstallationsRegistrar"
74-->[com.google.firebase:firebase-installations:17.1.4] AndroidManifest.xml:16:17-127
75                android:value="com.google.firebase.components.ComponentRegistrar" />
75-->[com.google.firebase:firebase-installations:17.1.4] AndroidManifest.xml:17:17-82
76        </service>
77
78        <activity
78-->[com.google.firebase:firebase-auth:22.1.1] AndroidManifest.xml:29:9-46:20
79            android:name="com.google.firebase.auth.internal.GenericIdpActivity"
79-->[com.google.firebase:firebase-auth:22.1.1] AndroidManifest.xml:30:13-80
80            android:excludeFromRecents="true"
80-->[com.google.firebase:firebase-auth:22.1.1] AndroidManifest.xml:31:13-46
81            android:exported="true"
81-->[com.google.firebase:firebase-auth:22.1.1] AndroidManifest.xml:32:13-36
82            android:launchMode="singleTask"
82-->[com.google.firebase:firebase-auth:22.1.1] AndroidManifest.xml:33:13-44
83            android:theme="@android:style/Theme.Translucent.NoTitleBar" >
83-->[com.google.firebase:firebase-auth:22.1.1] AndroidManifest.xml:34:13-72
84            <intent-filter>
84-->[com.google.firebase:firebase-auth:22.1.1] AndroidManifest.xml:35:13-45:29
85                <action android:name="android.intent.action.VIEW" />
85-->[com.google.firebase:firebase-auth:22.1.1] AndroidManifest.xml:36:17-69
85-->[com.google.firebase:firebase-auth:22.1.1] AndroidManifest.xml:36:25-66
86
87                <category android:name="android.intent.category.DEFAULT" />
87-->[com.google.firebase:firebase-auth:22.1.1] AndroidManifest.xml:38:17-76
87-->[com.google.firebase:firebase-auth:22.1.1] AndroidManifest.xml:38:27-73
88                <category android:name="android.intent.category.BROWSABLE" />
88-->[com.google.firebase:firebase-auth:22.1.1] AndroidManifest.xml:39:17-78
88-->[com.google.firebase:firebase-auth:22.1.1] AndroidManifest.xml:39:27-75
89
90                <data
90-->[com.google.firebase:firebase-auth:22.1.1] AndroidManifest.xml:41:17-44:51
91                    android:host="firebase.auth"
91-->[com.google.firebase:firebase-auth:22.1.1] AndroidManifest.xml:42:21-49
92                    android:path="/"
92-->[com.google.firebase:firebase-auth:22.1.1] AndroidManifest.xml:43:21-37
93                    android:scheme="genericidp" />
93-->[com.google.firebase:firebase-auth:22.1.1] AndroidManifest.xml:44:21-48
94            </intent-filter>
95        </activity>
96        <activity
96-->[com.google.firebase:firebase-auth:22.1.1] AndroidManifest.xml:47:9-64:20
97            android:name="com.google.firebase.auth.internal.RecaptchaActivity"
97-->[com.google.firebase:firebase-auth:22.1.1] AndroidManifest.xml:48:13-79
98            android:excludeFromRecents="true"
98-->[com.google.firebase:firebase-auth:22.1.1] AndroidManifest.xml:49:13-46
99            android:exported="true"
99-->[com.google.firebase:firebase-auth:22.1.1] AndroidManifest.xml:50:13-36
100            android:launchMode="singleTask"
100-->[com.google.firebase:firebase-auth:22.1.1] AndroidManifest.xml:51:13-44
101            android:theme="@android:style/Theme.Translucent.NoTitleBar" >
101-->[com.google.firebase:firebase-auth:22.1.1] AndroidManifest.xml:52:13-72
102            <intent-filter>
102-->[com.google.firebase:firebase-auth:22.1.1] AndroidManifest.xml:53:13-63:29
103                <action android:name="android.intent.action.VIEW" />
103-->[com.google.firebase:firebase-auth:22.1.1] AndroidManifest.xml:36:17-69
103-->[com.google.firebase:firebase-auth:22.1.1] AndroidManifest.xml:36:25-66
104
105                <category android:name="android.intent.category.DEFAULT" />
105-->[com.google.firebase:firebase-auth:22.1.1] AndroidManifest.xml:38:17-76
105-->[com.google.firebase:firebase-auth:22.1.1] AndroidManifest.xml:38:27-73
106                <category android:name="android.intent.category.BROWSABLE" />
106-->[com.google.firebase:firebase-auth:22.1.1] AndroidManifest.xml:39:17-78
106-->[com.google.firebase:firebase-auth:22.1.1] AndroidManifest.xml:39:27-75
107
108                <data
108-->[com.google.firebase:firebase-auth:22.1.1] AndroidManifest.xml:41:17-44:51
109                    android:host="firebase.auth"
109-->[com.google.firebase:firebase-auth:22.1.1] AndroidManifest.xml:42:21-49
110                    android:path="/"
110-->[com.google.firebase:firebase-auth:22.1.1] AndroidManifest.xml:43:21-37
111                    android:scheme="recaptcha" />
111-->[com.google.firebase:firebase-auth:22.1.1] AndroidManifest.xml:44:21-48
112            </intent-filter>
113        </activity>
114
115        <provider
115-->[com.google.firebase:firebase-common:20.3.3] AndroidManifest.xml:25:9-30:39
116            android:name="com.google.firebase.provider.FirebaseInitProvider"
116-->[com.google.firebase:firebase-common:20.3.3] AndroidManifest.xml:26:13-77
117            android:authorities="com.example.uas_10120028.firebaseinitprovider"
117-->[com.google.firebase:firebase-common:20.3.3] AndroidManifest.xml:27:13-72
118            android:directBootAware="true"
118-->[com.google.firebase:firebase-common:20.3.3] AndroidManifest.xml:28:13-43
119            android:exported="false"
119-->[com.google.firebase:firebase-common:20.3.3] AndroidManifest.xml:29:13-37
120            android:initOrder="100" />
120-->[com.google.firebase:firebase-common:20.3.3] AndroidManifest.xml:30:13-36
121
122        <activity
122-->[com.google.android.gms:play-services-base:18.1.0] AndroidManifest.xml:20:9-22:45
123            android:name="com.google.android.gms.common.api.GoogleApiActivity"
123-->[com.google.android.gms:play-services-base:18.1.0] AndroidManifest.xml:20:19-85
124            android:exported="false"
124-->[com.google.android.gms:play-services-base:18.1.0] AndroidManifest.xml:22:19-43
125            android:theme="@android:style/Theme.Translucent.NoTitleBar" />
125-->[com.google.android.gms:play-services-base:18.1.0] AndroidManifest.xml:21:19-78
126
127        <receiver
127-->[com.google.android.gms:play-services-measurement:21.3.0] AndroidManifest.xml:29:9-33:20
128            android:name="com.google.android.gms.measurement.AppMeasurementReceiver"
128-->[com.google.android.gms:play-services-measurement:21.3.0] AndroidManifest.xml:30:13-85
129            android:enabled="true"
129-->[com.google.android.gms:play-services-measurement:21.3.0] AndroidManifest.xml:31:13-35
130            android:exported="false" >
130-->[com.google.android.gms:play-services-measurement:21.3.0] AndroidManifest.xml:32:13-37
131        </receiver>
132
133        <service
133-->[com.google.android.gms:play-services-measurement:21.3.0] AndroidManifest.xml:35:9-38:40
134            android:name="com.google.android.gms.measurement.AppMeasurementService"
134-->[com.google.android.gms:play-services-measurement:21.3.0] AndroidManifest.xml:36:13-84
135            android:enabled="true"
135-->[com.google.android.gms:play-services-measurement:21.3.0] AndroidManifest.xml:37:13-35
136            android:exported="false" />
136-->[com.google.android.gms:play-services-measurement:21.3.0] AndroidManifest.xml:38:13-37
137        <service
137-->[com.google.android.gms:play-services-measurement:21.3.0] AndroidManifest.xml:39:9-43:72
138            android:name="com.google.android.gms.measurement.AppMeasurementJobService"
138-->[com.google.android.gms:play-services-measurement:21.3.0] AndroidManifest.xml:40:13-87
139            android:enabled="true"
139-->[com.google.android.gms:play-services-measurement:21.3.0] AndroidManifest.xml:41:13-35
140            android:exported="false"
140-->[com.google.android.gms:play-services-measurement:21.3.0] AndroidManifest.xml:42:13-37
141            android:permission="android.permission.BIND_JOB_SERVICE" />
141-->[com.google.android.gms:play-services-measurement:21.3.0] AndroidManifest.xml:43:13-69
142
143        <meta-data
143-->[com.google.android.gms:play-services-basement:18.1.0] AndroidManifest.xml:21:9-23:69
144            android:name="com.google.android.gms.version"
144-->[com.google.android.gms:play-services-basement:18.1.0] AndroidManifest.xml:22:13-58
145            android:value="@integer/google_play_services_version" />
145-->[com.google.android.gms:play-services-basement:18.1.0] AndroidManifest.xml:23:13-66
146
147        <provider
147-->[androidx.emoji2:emoji2:1.2.0] AndroidManifest.xml:24:9-32:20
148            android:name="androidx.startup.InitializationProvider"
148-->[androidx.emoji2:emoji2:1.2.0] AndroidManifest.xml:25:13-67
149            android:authorities="com.example.uas_10120028.androidx-startup"
149-->[androidx.emoji2:emoji2:1.2.0] AndroidManifest.xml:26:13-68
150            android:exported="false" >
150-->[androidx.emoji2:emoji2:1.2.0] AndroidManifest.xml:27:13-37
151            <meta-data
151-->[androidx.emoji2:emoji2:1.2.0] AndroidManifest.xml:29:13-31:52
152                android:name="androidx.emoji2.text.EmojiCompatInitializer"
152-->[androidx.emoji2:emoji2:1.2.0] AndroidManifest.xml:30:17-75
153                android:value="androidx.startup" />
153-->[androidx.emoji2:emoji2:1.2.0] AndroidManifest.xml:31:17-49
154            <meta-data
154-->[androidx.lifecycle:lifecycle-process:2.4.1] AndroidManifest.xml:31:13-33:52
155                android:name="androidx.lifecycle.ProcessLifecycleInitializer"
155-->[androidx.lifecycle:lifecycle-process:2.4.1] AndroidManifest.xml:32:17-78
156                android:value="androidx.startup" />
156-->[androidx.lifecycle:lifecycle-process:2.4.1] AndroidManifest.xml:33:17-49
157        </provider>
158    </application>
159
160</manifest>